SF:lib/flex_track.dart
DA:152,1
DA:153,1
DA:163,1
DA:164,1
DA:165,2
DA:178,1
DA:179,2
DA:180,1
DA:185,1
DA:188,1
DA:189,1
DA:190,2
DA:191,1
DA:192,1
DA:193,1
DA:194,1
DA:195,1
DA:214,5
DA:215,5
DA:217,15
DA:219,5
DA:220,5
DA:221,5
DA:222,5
DA:223,5
LF:25
LH:25
end_of_record
SF:lib/src/core/flex_track.dart
DA:20,8
DA:27,7
DA:29,1
DA:38,7
DA:41,4
DA:44,2
DA:47,2
DA:52,8
DA:58,1
DA:64,8
DA:65,0
DA:72,8
DA:73,8
DA:76,2
DA:79,8
DA:82,8
DA:88,8
DA:95,8
DA:102,8
DA:107,8
DA:108,8
DA:109,8
DA:111,8
DA:119,0
DA:120,0
DA:124,8
DA:126,8
DA:134,8
DA:135,8
DA:140,16
DA:141,8
DA:143,1
DA:144,1
DA:154,6
DA:155,18
DA:159,1
DA:161,3
DA:165,1
DA:167,3
DA:173,0
DA:174,0
DA:178,1
DA:179,3
DA:183,2
DA:184,6
DA:188,1
DA:189,2
DA:190,1
DA:191,1
DA:192,1
DA:199,1
DA:200,3
DA:204,1
DA:205,3
DA:209,0
DA:210,0
DA:214,1
DA:215,3
DA:219,1
DA:220,3
DA:224,1
DA:225,3
DA:231,1
DA:232,3
DA:236,1
DA:238,3
DA:242,1
DA:243,3
DA:247,0
DA:248,0
DA:254,0
DA:255,0
DA:259,0
DA:260,0
DA:264,1
DA:265,4
DA:271,1
DA:272,1
DA:273,0
DA:276,1
DA:277,1
DA:278,2
DA:279,1
DA:280,3
DA:285,1
DA:286,4
DA:288,3
DA:289,3
DA:290,3
DA:295,1
DA:296,1
DA:297,0
DA:300,3
DA:304,0
DA:305,0
DA:306,0
DA:307,0
DA:308,0
DA:309,0
DA:311,0
DA:312,0
DA:313,0
DA:314,0
DA:315,0
DA:316,0
DA:317,0
DA:324,8
DA:325,8
DA:326,16
DA:330,0
DA:332,0
LF:111
LH:81
end_of_record
SF:lib/src/strategies/built_in/console_tracker.dart
DA:14,2
DA:27,1
DA:30,1
DA:33,1
DA:37,0
DA:40,0
DA:41,0
DA:44,2
DA:46,2
DA:49,0
DA:51,0
DA:53,0
DA:56,0
DA:57,0
DA:59,0
DA:62,0
DA:65,0
DA:66,0
DA:70,0
DA:71,0
DA:74,0
DA:75,0
DA:78,0
DA:81,0
DA:82,0
DA:83,0
DA:84,0
DA:89,0
DA:90,0
DA:91,0
DA:92,0
DA:93,0
DA:95,0
DA:96,0
DA:100,1
DA:103,0
DA:105,0
DA:107,0
DA:108,0
DA:109,0
DA:111,0
DA:112,0
DA:114,0
DA:115,0
DA:118,0
DA:119,0
DA:122,0
DA:124,0
DA:125,0
DA:126,0
DA:127,0
DA:134,0
DA:136,0
DA:140,0
DA:143,0
DA:144,0
DA:146,0
DA:147,0
DA:148,0
DA:151,0
DA:154,0
DA:156,0
DA:159,2
DA:161,8
DA:166,0
DA:167,0
DA:168,0
DA:169,0
DA:170,0
DA:174,0
DA:176,0
DA:178,0
DA:179,0
DA:182,0
DA:183,0
DA:184,0
DA:186,0
DA:187,0
DA:191,2
DA:192,2
DA:193,2
DA:195,2
DA:198,4
DA:199,0
DA:202,0
DA:205,0
DA:209,1
DA:211,1
DA:212,1
DA:213,2
DA:214,2
DA:215,2
DA:216,2
DA:217,3
DA:218,3
DA:219,0
LF:96
LH:23
end_of_record
SF:lib/src/strategies/built_in/mock_tracker.dart
DA:13,9
DA:17,9
DA:22,18
DA:25,1
DA:26,2
DA:29,3
DA:32,2
DA:33,4
DA:34,4
DA:35,4
DA:36,2
DA:39,7
DA:41,7
DA:42,14
DA:45,0
DA:47,0
DA:48,0
DA:51,1
DA:53,3
DA:56,1
DA:59,2
DA:61,3
DA:65,1
DA:67,1
DA:68,1
DA:71,1
DA:73,1
DA:74,1
DA:75,3
DA:76,3
DA:77,3
LF:31
LH:28
end_of_record
SF:lib/src/strategies/tracker_strategy.dart
DA:16,0
DA:20,0
DA:24,0
DA:36,0
DA:37,0
DA:38,0
DA:44,0
DA:57,0
DA:64,0
DA:72,0
DA:79,0
DA:80,0
DA:81,0
DA:82,0
DA:83,0
DA:84,0
DA:85,0
DA:86,0
LF:18
LH:0
end_of_record
SF:lib/src/core/event_processor.dart
DA:16,9
DA:23,4
DA:26,4
DA:29,4
DA:32,4
DA:35,1
DA:36,1
DA:40,1
DA:41,1
DA:45,1
DA:46,1
DA:50,2
DA:51,2
DA:55,3
DA:56,3
DA:57,3
DA:61,7
DA:62,7
DA:63,1
DA:65,1
DA:67,1
DA:68,1
DA:69,1
DA:70,1
DA:72,1
DA:78,14
DA:80,7
DA:81,7
DA:82,14
DA:86,14
DA:87,3
DA:90,3
DA:96,7
DA:99,14
DA:100,14
DA:103,0
DA:106,0
DA:107,0
DA:109,0
DA:116,7
DA:117,4
DA:120,2
DA:121,2
DA:123,2
DA:131,7
DA:132,14
DA:138,4
DA:141,2
DA:143,0
DA:144,0
DA:146,0
DA:153,7
DA:162,1
DA:164,1
DA:166,2
DA:167,1
DA:168,1
DA:175,1
DA:177,3
DA:178,1
DA:182,1
DA:183,1
DA:184,1
DA:185,1
DA:186,1
DA:187,2
DA:188,1
DA:189,3
DA:195,1
DA:196,1
DA:199,3
DA:202,3
DA:215,7
DA:223,4
DA:226,15
DA:229,2
DA:230,10
DA:233,2
DA:234,10
DA:237,4
DA:238,6
DA:239,4
DA:240,2
DA:243,1
DA:244,1
DA:245,2
DA:246,2
DA:248,5
DA:249,1
DA:250,1
DA:251,1
DA:252,1
DA:253,1
DA:254,2
DA:258,1
DA:260,1
DA:261,2
DA:262,1
DA:263,1
DA:264,3
DA:276,7
DA:280,7
DA:283,1
DA:284,1
DA:285,1
DA:286,1
DA:287,2
DA:288,2
DA:292,1
DA:294,3
LF:110
LH:103
end_of_record
SF:lib/src/core/tracker_registry.dart
DA:13,2
DA:16,28
DA:19,0
DA:22,3
DA:25,10
DA:26,10
DA:27,1
DA:29,1
DA:34,30
DA:35,1
DA:36,2
DA:37,1
DA:42,20
DA:43,1
DA:49,30
DA:50,30
DA:54,9
DA:55,18
DA:56,9
DA:61,1
DA:62,1
DA:63,1
DA:70,2
DA:71,2
DA:76,9
DA:77,18
DA:81,1
DA:82,1
DA:83,2
DA:84,2
DA:86,1
DA:93,1
DA:94,2
DA:98,2
DA:99,4
DA:100,1
DA:104,1
DA:105,2
DA:109,10
DA:110,10
DA:114,10
DA:117,30
DA:118,10
DA:119,10
DA:122,10
DA:123,20
DA:125,4
DA:126,4
DA:129,10
DA:132,10
DA:134,14
DA:136,2
DA:137,4
DA:144,2
DA:145,4
DA:147,1
DA:148,1
DA:153,2
DA:157,2
DA:158,4
DA:160,1
DA:161,1
DA:166,2
DA:170,1
DA:171,3
DA:172,1
DA:177,2
DA:178,6
DA:179,2
DA:184,2
DA:185,2
DA:187,6
DA:188,2
DA:189,4
DA:193,2
DA:197,2
DA:199,2
DA:201,6
DA:202,2
DA:203,4
DA:207,2
DA:211,2
DA:212,2
DA:214,6
DA:215,2
DA:216,4
DA:220,2
DA:224,9
DA:225,9
DA:227,27
DA:228,9
DA:229,18
DA:233,9
DA:237,1
DA:238,1
DA:240,3
DA:241,1
DA:242,2
DA:246,1
DA:250,1
DA:251,1
DA:253,3
DA:254,1
DA:255,2
DA:259,1
DA:263,1
DA:264,1
DA:265,1
DA:271,2
DA:272,2
DA:276,2
DA:277,2
DA:279,6
DA:280,2
DA:281,2
DA:283,4
DA:284,2
DA:285,6
DA:289,2
DA:290,2
DA:291,4
DA:292,12
DA:294,10
DA:300,2
DA:301,2
DA:303,4
DA:304,1
DA:308,12
DA:309,2
DA:312,4
DA:313,2
DA:314,1
DA:316,2
DA:320,2
DA:321,3
DA:325,6
DA:326,4
DA:327,0
DA:330,4
DA:331,3
DA:338,1
DA:340,4
LF:142
LH:140
end_of_record
SF:lib/src/models/event/base_event.dart
DA:13,2
DA:17,1
DA:21,2
DA:25,8
DA:29,3
DA:33,4
DA:37,14
DA:41,1
DA:44,1
DA:48,1
DA:49,1
DA:50,1
DA:51,1
DA:52,1
DA:53,1
DA:54,1
DA:55,1
DA:56,1
DA:57,1
DA:58,2
DA:59,1
DA:60,1
DA:64,0
DA:66,0
LF:24
LH:22
end_of_record
SF:lib/src/models/context/tracking_context.dart
DA:17,1
DA:30,1
DA:31,1
DA:32,1
DA:36,1
DA:39,1
DA:50,1
DA:64,1
DA:69,1
DA:81,1
DA:85,1
DA:86,1
DA:88,1
DA:102,2
DA:105,2
DA:108,2
DA:111,3
DA:114,1
DA:115,2
DA:118,2
DA:121,2
DA:124,2
DA:127,2
DA:130,2
DA:133,3
DA:136,3
DA:139,3
DA:144,1
DA:145,1
DA:147,1
DA:148,1
DA:149,2
DA:150,2
DA:151,1
DA:152,1
DA:153,1
DA:154,1
DA:159,1
DA:160,1
DA:161,1
DA:163,1
DA:164,2
DA:165,2
DA:166,1
DA:167,1
DA:168,1
DA:169,1
DA:174,1
DA:175,2
DA:176,1
DA:178,1
DA:179,1
DA:180,1
DA:181,1
DA:183,2
DA:184,1
DA:185,1
DA:186,1
DA:187,1
DA:192,1
DA:193,2
DA:194,1
DA:196,1
DA:197,1
DA:198,1
DA:199,1
DA:200,2
DA:202,1
DA:203,1
DA:204,1
DA:205,1
DA:210,1
DA:211,1
DA:212,1
DA:213,1
DA:214,1
DA:215,2
DA:216,2
DA:217,1
DA:219,1
DA:220,1
DA:227,1
DA:228,2
DA:229,1
DA:233,1
DA:234,2
DA:235,1
DA:239,4
DA:242,4
DA:245,1
DA:246,1
DA:248,3
DA:249,3
DA:250,3
DA:251,3
DA:252,3
DA:254,3
DA:255,3
DA:263,1
DA:264,1
DA:265,1
DA:266,1
DA:267,1
DA:268,1
DA:269,1
DA:270,2
DA:271,2
DA:272,1
DA:273,1
DA:274,2
DA:275,1
DA:276,1
DA:281,1
DA:282,1
DA:283,1
DA:284,2
DA:287,1
DA:288,1
DA:289,3
DA:290,1
DA:293,1
DA:294,1
DA:295,1
DA:296,1
DA:297,3
DA:299,3
DA:302,1
DA:303,1
DA:308,1
DA:309,1
DA:312,3
DA:315,3
DA:316,1
DA:321,3
DA:322,1
DA:327,3
DA:328,1
DA:334,1
DA:336,1
DA:337,2
DA:338,2
DA:339,2
DA:343,1
DA:346,1
DA:347,3
DA:348,3
DA:349,3
DA:350,3
DA:352,1
DA:353,5
DA:367,0
DA:370,0
DA:373,0
DA:376,0
DA:379,0
DA:380,0
DA:383,0
DA:384,0
DA:387,0
LF:159
LH:150
end_of_record
SF:lib/src/models/context/consent_manager.dart
DA:15,4
DA:18,4
DA:21,2
DA:24,2
DA:27,2
DA:30,2
DA:33,4
DA:36,2
DA:37,2
DA:38,2
DA:39,2
DA:40,2
DA:41,2
DA:42,7
DA:45,2
DA:46,2
DA:47,2
DA:48,2
DA:49,2
DA:50,2
DA:53,2
DA:54,2
DA:55,2
DA:59,1
DA:60,1
DA:61,1
DA:65,1
DA:66,1
DA:67,1
DA:71,1
DA:72,1
DA:73,1
DA:77,1
DA:78,1
DA:79,1
DA:83,2
DA:91,2
DA:92,2
DA:93,2
DA:94,2
DA:95,2
DA:96,2
DA:98,2
DA:102,2
DA:103,2
DA:114,1
DA:115,1
DA:122,2
DA:126,1
DA:127,2
DA:128,1
DA:132,1
DA:133,2
DA:137,1
DA:138,2
DA:139,1
DA:143,1
DA:144,2
DA:148,1
DA:149,1
DA:150,1
DA:154,1
DA:156,1
DA:157,1
DA:158,1
DA:159,1
DA:160,0
DA:161,0
DA:162,0
DA:163,0
DA:164,0
DA:165,0
DA:170,1
DA:172,1
DA:173,1
DA:174,1
DA:175,1
DA:176,1
DA:177,1
DA:178,0
DA:179,0
DA:180,0
DA:181,0
DA:186,1
DA:187,1
DA:188,1
DA:189,1
DA:190,1
DA:191,1
DA:192,1
DA:193,2
DA:194,1
DA:195,1
DA:200,2
DA:201,4
DA:202,4
DA:203,4
DA:204,4
DA:205,4
DA:206,4
DA:208,2
DA:209,3
DA:212,4
DA:213,3
DA:218,2
DA:219,2
DA:220,2
DA:221,2
DA:222,2
DA:223,2
DA:224,2
DA:225,4
DA:226,3
DA:227,2
DA:232,2
DA:233,4
DA:237,2
DA:238,2
DA:241,4
DA:242,2
DA:247,4
DA:249,2
DA:253,4
DA:255,0
DA:261,1
DA:263,1
DA:264,2
DA:265,2
DA:266,2
DA:267,2
DA:268,2
DA:270,5
DA:294,1
DA:306,1
DA:307,1
DA:308,0
DA:309,0
DA:310,0
DA:311,0
DA:312,0
DA:315,1
DA:316,1
DA:317,1
DA:318,1
DA:319,1
DA:320,1
DA:323,1
DA:324,1
DA:325,1
DA:326,1
DA:327,1
DA:328,1
DA:329,1
DA:330,1
DA:331,2
DA:332,1
DA:333,1
DA:334,1
DA:338,1
DA:340,4
LF:160
LH:144
end_of_record
SF:lib/src/models/routing/tracker_group.dart
DA:7,10
DA:19,27
DA:22,0
DA:23,0
DA:27,0
DA:28,0
DA:29,0
DA:30,0
DA:32,0
DA:37,0
DA:39,0
DA:40,0
DA:41,0
DA:43,0
DA:48,3
DA:49,3
DA:50,3
DA:51,3
DA:52,3
DA:53,3
DA:57,1
DA:58,4
DA:60,4
DA:63,1
DA:64,3
DA:65,3
DA:67,0
DA:68,0
DA:71,1
DA:72,3
DA:73,3
DA:74,3
LF:32
LH:18
end_of_record
SF:lib/src/models/routing/event_category.dart
DA:6,7
DA:37,6
DA:48,1
DA:50,1
DA:51,2
DA:52,2
DA:57,1
DA:58,4
DA:62,2
DA:63,4
DA:64,4
DA:65,4
DA:67,2
DA:68,2
DA:75,2
DA:76,2
DA:77,2
DA:78,2
DA:79,2
DA:80,4
DA:84,1
DA:85,2
DA:87,8
DA:89,24
DA:91,1
DA:92,2
LF:26
LH:26
end_of_record
SF:lib/src/models/routing/routing_rule.dart
DA:28,14
DA:48,42
DA:52,5
DA:54,5
DA:55,5
DA:58,14
DA:63,4
DA:64,3
DA:69,7
DA:74,7
DA:79,4
DA:80,1
DA:81,2
DA:86,5
DA:92,7
DA:97,10
DA:102,7
DA:110,9
DA:116,9
DA:119,9
DA:122,9
DA:125,9
DA:131,5
DA:132,10
DA:133,6
DA:136,0
DA:140,0
DA:161,0
DA:162,0
DA:163,0
DA:164,0
DA:165,0
DA:166,0
DA:167,0
DA:168,0
DA:169,0
DA:170,0
DA:171,0
DA:172,0
DA:173,0
DA:174,0
DA:175,0
DA:176,0
DA:177,0
DA:178,0
DA:179,0
DA:180,0
DA:185,3
DA:186,3
DA:187,3
DA:188,3
DA:189,3
DA:190,3
DA:191,4
DA:192,3
DA:193,3
DA:194,3
DA:195,3
DA:196,3
DA:197,3
DA:198,6
DA:199,3
DA:200,3
DA:201,3
DA:202,3
DA:203,3
DA:204,3
DA:205,3
DA:209,3
DA:211,3
DA:213,6
DA:214,3
DA:215,3
DA:216,0
DA:218,7
DA:219,6
DA:221,12
DA:224,2
DA:227,2
DA:228,6
DA:229,3
DA:230,3
DA:231,3
DA:232,3
DA:233,0
DA:235,0
DA:236,0
DA:237,0
DA:238,0
DA:239,0
DA:240,0
DA:241,0
DA:242,0
LF:93
LH:61
end_of_record
SF:lib/src/models/routing/routing_config.dart
DA:18,15
DA:29,1
DA:34,3
DA:35,3
DA:36,3
DA:38,3
DA:48,3
DA:57,3
DA:69,9
DA:70,9
DA:71,24
DA:72,9
DA:74,9
DA:76,33
DA:78,2
DA:82,8
DA:83,6
DA:84,6
DA:85,6
DA:92,3
DA:96,12
DA:101,1
DA:102,1
DA:103,2
DA:107,1
DA:112,1
DA:113,1
DA:115,2
DA:117,1
DA:123,2
DA:127,2
DA:131,2
DA:132,4
DA:141,1
DA:142,2
DA:146,1
DA:147,2
DA:151,1
DA:152,1
DA:155,2
DA:160,1
DA:161,1
DA:162,1
DA:163,2
DA:168,2
DA:177,2
DA:178,2
DA:179,2
DA:180,2
DA:181,2
DA:182,2
DA:184,2
DA:185,1
DA:190,6
DA:191,6
DA:195,34
DA:196,6
DA:199,8
DA:200,2
DA:201,1
DA:203,2
DA:207,6
DA:208,3
DA:212,6
DA:213,36
DA:214,6
DA:215,6
DA:217,6
DA:218,0
DA:219,0
DA:223,24
DA:224,2
DA:225,2
DA:229,36
DA:230,12
DA:231,8
DA:232,6
DA:234,6
DA:236,3
DA:243,2
DA:244,2
DA:245,10
DA:247,7
DA:249,7
DA:250,4
DA:251,2
DA:252,2
DA:253,2
DA:254,4
DA:255,4
DA:256,4
DA:260,2
DA:262,2
DA:263,4
DA:264,4
DA:265,4
LF:96
LH:94
end_of_record
SF:lib/src/routing/routing_builder.dart
DA:21,11
DA:24,1
DA:25,2
DA:31,5
DA:33,5
DA:34,1
DA:38,5
DA:39,1
DA:43,10
DA:44,5
DA:49,1
DA:50,1
DA:51,1
DA:55,3
DA:60,1
DA:61,1
DA:66,1
DA:67,1
DA:69,2
DA:72,1
DA:78,6
DA:79,6
DA:84,6
DA:85,6
DA:90,6
DA:91,6
DA:98,2
DA:99,2
DA:103,2
DA:104,2
DA:105,1
DA:108,2
DA:112,7
DA:113,7
DA:117,1
DA:118,1
DA:119,1
DA:122,1
DA:123,3
DA:127,7
DA:128,7
DA:132,1
DA:133,1
DA:135,2
DA:138,1
DA:142,4
DA:143,4
DA:144,1
DA:147,4
DA:152,5
DA:153,5
DA:157,4
DA:158,4
DA:162,4
DA:163,4
DA:167,11
DA:168,11
DA:170,11
DA:176,2
DA:178,2
DA:179,2
DA:180,2
DA:181,2
DA:182,2
DA:183,2
DA:186,10
DA:189,6
DA:197,1
DA:198,2
DA:203,7
DA:204,14
DA:208,1
DA:209,2
DA:214,1
DA:215,2
DA:222,5
DA:224,10
DA:225,10
DA:230,3
DA:232,2
DA:240,1
DA:242,2
DA:243,2
DA:248,1
DA:250,1
DA:252,1
DA:254,1
DA:256,1
DA:258,1
DA:260,1
DA:268,1
DA:269,1
DA:272,2
DA:277,1
DA:278,1
DA:279,1
DA:280,2
DA:285,11
DA:287,36
DA:288,11
DA:290,15
DA:294,5
DA:299,50
DA:301,11
DA:302,22
DA:303,22
DA:304,22
DA:305,11
DA:306,11
DA:307,11
DA:308,11
DA:313,1
DA:314,2
DA:318,1
DA:319,1
DA:320,2
DA:321,2
DA:322,2
DA:323,1
DA:324,1
DA:325,1
DA:326,1
DA:327,5
DA:328,3
DA:329,3
LF:125
LH:125
end_of_record
SF:lib/src/routing/route_config_builder.dart
DA:23,11
DA:40,11
DA:41,22
DA:45,3
DA:46,3
DA:47,1
DA:53,9
DA:54,6
DA:58,1
DA:59,2
DA:63,4
DA:64,8
DA:66,1
DA:67,1
DA:71,8
DA:75,5
DA:76,10
DA:82,2
DA:85,2
DA:88,1
DA:89,1
DA:90,1
DA:95,2
DA:100,14
DA:101,6
LF:25
LH:25
end_of_record
SF:lib/src/routing/routing_rule_builder.dart
DA:24,11
DA:29,7
DA:30,14
DA:31,1
DA:32,1
DA:36,7
DA:41,5
DA:42,5
DA:47,5
DA:48,5
DA:53,6
DA:54,6
DA:55,6
DA:60,1
DA:61,1
DA:62,1
DA:67,6
DA:68,6
DA:73,7
DA:74,7
DA:79,5
DA:80,5
DA:81,1
DA:86,5
DA:91,1
DA:92,1
DA:93,1
DA:98,1
DA:105,10
DA:108,10
DA:111,10
DA:114,12
DA:117,4
DA:120,3
DA:123,2
DA:124,6
DA:130,7
DA:131,7
DA:132,7
DA:136,1
DA:137,1
DA:138,2
DA:142,1
DA:143,1
DA:144,2
DA:148,1
DA:149,1
DA:150,2
DA:154,1
DA:155,1
DA:156,2
DA:162,7
DA:163,7
DA:164,7
DA:165,14
DA:166,14
DA:167,14
DA:168,14
DA:169,14
DA:170,14
DA:171,14
DA:172,14
DA:173,14
DA:174,14
DA:175,7
DA:176,7
DA:177,7
DA:178,7
DA:179,7
DA:180,7
DA:181,7
DA:182,12
DA:185,14
DA:189,5
DA:190,5
DA:192,10
DA:193,20
DA:194,0
DA:195,0
DA:196,0
DA:197,0
DA:198,0
DA:199,0
DA:200,0
DA:201,0
DA:203,0
DA:206,20
DA:208,10
DA:209,20
DA:212,5
DA:213,4
DA:214,5
DA:215,1
DA:218,5
LF:94
LH:85
end_of_record
SF:lib/src/routing/routing_engine.dart
DA:12,10
DA:15,6
DA:18,8
DA:26,16
DA:28,8
DA:29,2
DA:31,2
DA:32,2
DA:33,2
DA:34,2
DA:38,8
DA:39,8
DA:41,8
DA:44,16
DA:46,8
DA:49,6
DA:57,20
DA:58,4
DA:61,8
DA:67,8
DA:68,8
DA:72,8
DA:73,2
DA:74,6
DA:75,4
DA:82,8
DA:83,8
DA:87,16
DA:88,4
DA:93,8
DA:95,8
DA:101,0
DA:102,0
DA:103,0
DA:111,8
DA:114,8
DA:115,8
DA:120,2
DA:121,6
DA:122,2
DA:125,1
DA:129,2
DA:130,4
DA:134,2
DA:140,4
DA:141,2
DA:142,2
DA:144,4
DA:146,6
DA:149,1
DA:151,4
DA:154,2
DA:159,2
DA:166,2
DA:172,2
DA:177,2
DA:178,2
DA:180,5
DA:181,1
DA:182,3
DA:185,2
DA:186,3
DA:187,1
DA:188,3
DA:191,2
DA:192,0
DA:193,0
DA:194,0
DA:197,8
DA:198,1
DA:199,4
DA:202,2
DA:203,0
DA:206,2
DA:207,0
DA:210,4
DA:222,8
DA:231,6
DA:234,5
DA:237,1
DA:238,1
DA:239,2
DA:240,1
DA:241,2
DA:242,2
DA:243,1
DA:244,1
DA:245,1
DA:246,5
DA:247,3
DA:251,0
DA:253,0
DA:262,4
DA:267,0
DA:268,0
DA:269,0
DA:270,0
DA:274,0
DA:276,0
DA:288,2
DA:297,0
DA:298,0
DA:299,0
DA:300,0
DA:301,0
DA:302,0
DA:303,0
DA:304,0
DA:305,0
DA:316,2
DA:322,0
DA:323,0
DA:324,0
DA:325,0
DA:326,0
LF:115
LH:85
end_of_record
SF:lib/src/routing/presets/smart_defaults.dart
DA:7,1
DA:10,1
DA:11,1
DA:12,1
DA:13,1
DA:14,1
DA:15,1
DA:16,1
DA:20,1
DA:21,1
DA:22,1
DA:23,1
DA:24,1
DA:25,1
DA:29,1
DA:30,1
DA:31,1
DA:32,1
DA:33,1
DA:34,1
DA:38,1
DA:39,1
DA:40,1
DA:41,1
DA:42,1
DA:43,1
DA:44,1
DA:48,1
DA:49,1
DA:50,1
DA:51,1
DA:52,1
DA:53,1
DA:54,1
DA:58,1
DA:59,1
DA:60,1
DA:61,1
DA:62,1
DA:63,1
DA:67,1
DA:68,1
DA:69,1
DA:70,1
DA:71,1
DA:72,1
DA:76,1
DA:77,1
DA:78,1
DA:79,1
DA:80,1
DA:84,1
DA:86,1
DA:90,1
DA:91,1
DA:92,1
DA:93,1
DA:94,1
DA:95,1
DA:99,1
DA:100,1
DA:101,1
DA:102,1
DA:103,1
DA:104,1
DA:108,1
DA:111,1
DA:112,1
DA:113,1
DA:114,1
DA:115,1
DA:116,1
DA:120,1
DA:121,1
DA:122,1
DA:123,1
DA:124,1
DA:125,1
DA:128,1
DA:132,1
DA:135,2
DA:136,1
DA:137,1
DA:138,1
DA:139,1
DA:140,1
DA:141,1
DA:145,2
DA:146,1
DA:147,1
DA:148,1
DA:149,1
DA:150,1
DA:151,1
DA:155,2
DA:156,1
DA:157,1
DA:158,1
DA:159,1
DA:160,1
DA:161,1
DA:164,1
LF:102
LH:102
end_of_record
SF:lib/src/routing/presets/gdpr_defaults.dart
DA:7,1
DA:9,1
DA:10,1
DA:19,1
DA:20,1
DA:21,1
DA:24,1
DA:25,1
DA:26,1
DA:27,1
DA:28,1
DA:29,1
DA:33,1
DA:34,1
DA:35,1
DA:38,1
DA:39,1
DA:40,1
DA:41,1
DA:42,1
DA:46,1
DA:47,1
DA:48,1
DA:49,1
DA:50,1
DA:51,1
DA:52,1
DA:56,1
DA:57,1
DA:58,1
DA:59,1
DA:60,1
DA:61,1
DA:62,1
DA:63,1
DA:67,1
DA:68,1
DA:69,1
DA:72,1
DA:73,1
DA:74,1
DA:75,1
DA:76,1
DA:79,1
DA:80,1
DA:81,1
DA:84,1
DA:85,1
DA:86,1
DA:87,1
DA:88,1
DA:91,1
DA:92,1
DA:93,1
DA:96,1
DA:97,1
DA:98,1
DA:99,1
DA:100,1
DA:104,1
DA:105,1
DA:106,1
DA:109,1
DA:110,1
DA:111,1
DA:112,1
DA:113,1
DA:116,1
DA:117,1
DA:118,1
DA:121,1
DA:122,1
DA:123,1
DA:124,1
DA:125,1
DA:129,1
DA:130,1
DA:131,1
DA:132,1
DA:133,1
DA:134,1
DA:135,1
DA:138,1
DA:139,1
DA:140,1
DA:141,1
DA:142,1
DA:143,1
DA:144,1
DA:148,1
DA:149,1
DA:150,1
DA:151,1
DA:152,1
DA:153,1
DA:154,1
DA:158,1
DA:159,1
DA:160,1
DA:161,1
DA:162,1
DA:163,1
DA:164,1
DA:165,1
DA:169,1
DA:170,1
DA:171,1
DA:172,1
DA:173,1
DA:174,1
DA:175,1
DA:179,1
DA:182,1
DA:188,1
DA:189,1
DA:190,1
DA:193,1
DA:194,1
DA:195,1
DA:196,1
DA:197,1
DA:200,1
DA:201,1
DA:202,1
DA:205,1
DA:206,1
DA:207,1
DA:208,1
DA:209,1
DA:213,2
DA:214,1
DA:215,1
DA:216,1
DA:217,1
DA:218,1
DA:219,1
DA:223,1
DA:226,1
DA:227,1
DA:238,1
DA:239,1
DA:240,1
DA:243,1
DA:244,1
DA:245,1
DA:246,1
DA:250,1
DA:251,1
DA:252,1
DA:255,1
DA:256,1
DA:257,1
DA:258,1
DA:262,1
DA:263,1
DA:264,1
DA:265,1
DA:266,1
DA:267,1
DA:271,1
DA:272,1
DA:273,1
DA:274,1
DA:275,1
DA:276,1
DA:280,1
DA:281,1
DA:282,1
DA:283,1
DA:284,1
DA:288,1
DA:291,1
DA:292,1
DA:294,1
DA:295,1
DA:297,1
DA:298,1
DA:300,1
DA:301,1
DA:307,1
DA:310,1
DA:311,1
DA:320,1
DA:321,1
DA:322,1
DA:325,1
DA:326,1
DA:327,1
DA:328,1
DA:331,1
DA:332,1
DA:333,1
DA:334,1
DA:335,1
DA:336,1
DA:340,1
DA:341,1
DA:342,1
DA:343,1
DA:344,1
LF:200
LH:200
end_of_record
SF:lib/src/routing/presets/performance_defaults.dart
DA:7,0
DA:10,0
DA:11,0
DA:12,0
DA:13,0
DA:14,0
DA:15,0
DA:19,0
DA:20,0
DA:21,0
DA:22,0
DA:23,0
DA:24,0
DA:28,0
DA:29,0
DA:30,0
DA:31,0
DA:32,0
DA:33,0
DA:37,0
DA:38,0
DA:39,0
DA:40,0
DA:41,0
DA:42,0
DA:46,0
DA:47,0
DA:48,0
DA:49,0
DA:50,0
DA:51,0
DA:55,0
DA:56,0
DA:57,0
DA:58,0
DA:59,0
DA:60,0
DA:61,0
DA:65,0
DA:66,0
DA:67,0
DA:68,0
DA:69,0
DA:70,0
DA:74,0
DA:75,0
DA:76,0
DA:77,0
DA:78,0
DA:79,0
DA:83,0
DA:84,0
DA:85,0
DA:86,0
DA:87,0
DA:88,0
DA:92,0
DA:93,0
DA:94,0
DA:95,0
DA:96,0
DA:97,0
DA:101,0
DA:102,0
DA:103,0
DA:104,0
DA:105,0
DA:106,0
DA:110,0
DA:111,0
DA:112,0
DA:113,0
DA:114,0
DA:115,0
DA:119,0
DA:120,0
DA:121,0
DA:122,0
DA:123,0
DA:124,0
DA:128,0
DA:133,0
DA:134,0
DA:135,0
DA:136,0
DA:137,0
DA:138,0
DA:142,0
DA:143,0
DA:144,0
DA:145,0
DA:146,0
DA:147,0
DA:151,0
DA:152,0
DA:153,0
DA:154,0
DA:155,0
DA:156,0
DA:159,0
DA:163,0
DA:168,0
DA:169,0
DA:170,0
DA:171,0
DA:172,0
DA:173,0
DA:177,0
DA:178,0
DA:179,0
DA:180,0
DA:181,0
DA:182,0
DA:185,0
DA:189,0
DA:194,0
DA:195,0
DA:196,0
DA:197,0
DA:198,0
DA:199,0
DA:203,0
DA:204,0
DA:205,0
DA:206,0
DA:207,0
DA:208,0
DA:212,0
DA:213,0
DA:214,0
DA:215,0
DA:216,0
DA:217,0
DA:220,0
DA:224,0
DA:229,0
DA:230,0
DA:231,0
DA:232,0
DA:233,0
DA:234,0
DA:238,0
DA:239,0
DA:240,0
DA:241,0
DA:242,0
DA:243,0
DA:247,0
DA:248,0
DA:249,0
DA:250,0
DA:251,0
DA:252,0
DA:256,0
DA:261,0
DA:262,0
DA:263,0
DA:264,0
DA:265,0
DA:266,0
DA:270,0
DA:271,0
DA:272,0
DA:273,0
DA:274,0
DA:275,0
DA:279,0
DA:280,0
DA:281,0
DA:282,0
DA:283,0
DA:284,0
DA:288,0
DA:289,0
DA:290,0
DA:291,0
DA:292,0
DA:293,0
DA:297,0
DA:302,0
DA:303,0
DA:304,0
DA:305,0
DA:306,0
DA:307,0
DA:311,0
DA:312,0
DA:313,0
DA:314,0
DA:315,0
DA:316,0
DA:320,0
DA:321,0
DA:322,0
DA:323,0
DA:324,0
DA:325,0
DA:329,0
DA:330,0
DA:331,0
DA:332,0
DA:333,0
DA:334,0
LF:203
LH:0
end_of_record
SF:lib/src/strategies/base_tracker_strategy.dart
DA:13,10
DA:21,10
DA:22,10
DA:24,2
DA:25,2
DA:27,10
DA:28,20
DA:30,1
DA:33,1
DA:36,1
DA:39,10
DA:41,10
DA:44,10
DA:45,10
DA:47,2
DA:48,4
DA:49,2
DA:55,8
DA:57,8
DA:58,1
DA:59,2
DA:60,1
DA:63,8
DA:66,8
DA:68,3
DA:69,9
DA:70,3
DA:71,3
DA:77,1
DA:79,1
DA:80,1
DA:81,2
DA:82,1
DA:85,2
DA:89,1
DA:90,1
DA:93,2
DA:94,1
DA:98,1
DA:99,3
DA:100,1
DA:106,2
DA:108,2
DA:111,3
DA:113,3
DA:116,2
DA:118,2
DA:121,2
DA:123,1
DA:124,2
DA:125,1
DA:131,2
DA:134,2
DA:137,2
DA:139,1
DA:140,2
DA:141,1
DA:147,2
DA:149,2
DA:152,2
DA:154,1
DA:155,2
DA:156,1
DA:162,9
DA:164,9
DA:167,9
DA:169,1
DA:170,2
DA:171,1
DA:177,2
DA:179,2
DA:180,2
DA:181,2
DA:182,2
DA:183,2
DA:184,2
DA:185,2
DA:186,2
DA:187,2
DA:205,0
DA:209,0
DA:210,0
DA:214,0
DA:219,0
DA:225,0
DA:230,0
DA:234,1
DA:235,4
LF:88
LH:81
end_of_record
SF:lib/src/strategies/built_in/no_op_tracker.dart
DA:13,9
DA:20,1
DA:23,1
DA:26,1
DA:30,0
DA:33,0
DA:36,0
DA:39,9
DA:40,9
DA:41,9
DA:42,9
DA:46,0
DA:47,0
DA:50,9
DA:53,9
DA:56,7
DA:59,7
DA:60,14
DA:61,14
DA:65,1
DA:68,0
DA:71,0
DA:72,0
DA:73,0
DA:74,0
DA:75,0
DA:80,0
DA:85,0
DA:91,1
DA:94,1
DA:95,1
DA:99,8
DA:104,1
DA:106,1
DA:107,1
DA:108,2
DA:109,2
DA:110,2
DA:111,2
DA:115,0
DA:117,0
DA:123,0
DA:126,0
DA:131,0
LF:44
LH:26
end_of_record
SF:lib/src/widgets/flex_click_track.dart
DA:13,1
DA:23,1
DA:24,1
DA:31,1
DA:33,1
DA:35,1
DA:36,1
DA:37,1
DA:38,2
DA:42,1
DA:43,1
DA:46,2
DA:47,2
DA:50,1
DA:51,3
DA:54,1
DA:55,1
DA:56,1
DA:60,3
DA:61,1
DA:64,1
DA:67,0
DA:68,0
DA:69,0
DA:70,0
DA:74,1
DA:75,1
DA:78,4
DA:79,1
DA:80,0
DA:81,0
DA:82,0
DA:86,0
LF:33
LH:25
end_of_record
SF:lib/src/widgets/flex_route_track.dart
DA:48,4
DA:52,2
DA:57,4
DA:59,4
DA:60,8
DA:61,4
DA:62,8
DA:63,4
DA:64,4
DA:65,0
DA:66,0
DA:67,0
DA:68,0
DA:71,0
DA:72,0
DA:73,0
DA:74,0
DA:81,4
DA:83,8
DA:84,4
DA:87,4
DA:89,8
DA:90,4
DA:91,4
DA:95,3
DA:97,3
DA:98,1
DA:102,3
DA:105,1
DA:108,4
DA:109,4
DA:112,12
DA:113,4
DA:114,0
DA:115,0
DA:116,0
DA:120,0
LF:37
LH:25
end_of_record
SF:lib/src/widgets/flex_mount_track.dart
DA:18,1
DA:28,1
DA:29,1
DA:35,1
DA:37,1
DA:38,4
DA:41,1
DA:42,2
DA:45,1
DA:46,1
DA:49,4
DA:50,1
DA:51,0
DA:52,0
DA:53,0
DA:57,0
DA:64,1
DA:65,2
LF:18
LH:14
end_of_record
SF:lib/src/widgets/flex_impression_track.dart
DA:23,1
DA:32,3
DA:48,1
DA:49,1
DA:58,1
DA:60,1
DA:61,1
DA:64,1
DA:65,1
DA:68,3
DA:72,4
DA:73,2
DA:76,2
DA:77,1
DA:78,1
DA:79,2
DA:80,0
DA:85,2
DA:89,1
DA:90,1
DA:94,2
DA:95,1
DA:96,3
DA:97,1
DA:98,1
DA:99,0
DA:102,3
DA:103,1
DA:106,1
DA:107,1
DA:111,1
DA:112,1
DA:113,1
DA:114,3
DA:117,2
DA:121,2
DA:122,1
DA:124,0
DA:127,4
DA:128,1
DA:129,0
DA:130,0
DA:131,0
DA:135,0
DA:142,1
DA:144,1
DA:145,2
DA:146,1
DA:147,2
LF:49
LH:42
end_of_record
SF:lib/src/utils/environment_detector.dart
DA:9,0
DA:15,0
DA:23,0
DA:25,0
DA:27,0
DA:40,0
DA:47,0
DA:50,0
DA:57,0
DA:58,0
DA:62,0
DA:63,0
DA:67,0
DA:68,0
DA:72,0
DA:73,0
DA:77,0
DA:78,0
DA:79,0
DA:81,0
DA:84,0
DA:85,0
DA:86,0
DA:89,0
DA:94,0
DA:99,0
DA:104,0
DA:110,0
DA:116,0
DA:117,0
DA:118,0
DA:119,0
DA:123,0
DA:124,0
DA:125,0
DA:126,0
DA:127,0
DA:128,0
DA:132,0
DA:133,0
DA:134,0
DA:135,0
DA:136,0
DA:140,0
DA:151,0
DA:154,0
DA:155,0
DA:156,0
DA:157,0
DA:158,0
DA:159,0
DA:164,0
DA:168,0
DA:174,0
DA:179,0
DA:184,0
DA:185,0
DA:199,0
DA:210,0
DA:211,0
DA:212,0
DA:213,0
DA:214,0
DA:215,0
DA:216,0
DA:217,0
DA:218,0
DA:222,0
DA:224,0
DA:236,0
DA:245,0
DA:246,0
DA:247,0
DA:248,0
DA:249,0
DA:254,0
DA:255,0
DA:256,0
DA:257,0
DA:258,0
DA:259,0
DA:260,0
DA:261,0
DA:265,0
DA:266,0
LF:85
LH:0
end_of_record
SF:lib/src/utils/pattern_matcher.dart
DA:4,0
DA:8,0
DA:9,0
DA:10,0
DA:13,0
DA:15,0
DA:16,0
DA:20,0
DA:21,0
DA:25,0
DA:26,0
DA:30,0
DA:31,0
DA:35,0
DA:36,0
DA:40,0
DA:41,0
DA:45,0
DA:46,0
DA:50,0
DA:57,0
DA:61,0
DA:65,0
DA:69,0
DA:70,0
DA:74,0
DA:75,0
DA:83,0
DA:87,0
DA:88,0
DA:89,0
DA:91,0
DA:94,0
DA:95,0
DA:96,0
DA:102,0
DA:106,0
DA:107,0
DA:108,0
DA:110,0
DA:113,0
DA:114,0
DA:115,0
DA:121,0
DA:123,0
DA:124,0
DA:126,0
DA:127,0
DA:128,0
DA:129,0
DA:131,0
DA:132,0
DA:133,0
DA:134,0
DA:135,0
DA:136,0
DA:137,0
DA:138,0
DA:139,0
DA:140,0
DA:146,0
DA:147,0
DA:148,0
DA:152,0
DA:155,0
DA:156,0
DA:157,0
DA:158,0
DA:162,0
DA:163,0
DA:165,0
DA:170,0
DA:171,0
DA:172,0
DA:176,0
DA:177,0
DA:180,0
DA:181,0
DA:186,0
DA:187,0
DA:191,0
DA:192,0
DA:193,0
DA:205,0
DA:212,0
DA:213,0
DA:217,0
DA:218,0
DA:222,0
DA:223,0
DA:226,0
DA:228,0
DA:229,0
DA:230,0
DA:252,4
DA:254,0
DA:258,0
DA:259,0
DA:262,0
DA:264,0
LF:100
LH:1
end_of_record
SF:lib/src/utils/sampling_utils.dart
DA:5,3
DA:6,0
DA:9,1
DA:10,1
DA:11,1
DA:13,3
DA:18,1
DA:19,1
DA:20,1
DA:23,2
DA:24,2
DA:26,1
DA:31,1
DA:32,1
DA:33,0
DA:36,1
DA:41,0
DA:42,0
DA:43,0
DA:46,0
DA:51,0
DA:52,0
DA:57,0
DA:58,0
DA:59,0
DA:60,0
DA:62,0
DA:64,0
DA:69,0
DA:71,0
DA:75,0
DA:76,0
DA:81,0
DA:82,0
DA:85,0
DA:86,0
DA:91,1
DA:96,1
DA:99,2
DA:104,0
DA:106,0
DA:107,0
DA:112,1
DA:113,1
DA:115,2
DA:116,1
DA:120,1
DA:122,1
DA:123,1
DA:127,0
DA:134,0
DA:137,0
DA:138,0
DA:142,1
DA:143,1
DA:144,1
DA:145,1
DA:148,1
DA:149,1
DA:150,1
DA:153,1
DA:157,1
DA:158,2
DA:162,1
DA:163,2
DA:167,1
DA:168,1
DA:169,1
DA:176,3
DA:177,2
DA:179,1
DA:180,1
DA:187,1
DA:188,1
DA:198,1
DA:201,1
DA:202,2
DA:203,1
DA:204,3
DA:206,1
DA:208,3
DA:210,0
DA:211,0
DA:212,0
DA:214,0
DA:215,0
DA:217,0
DA:218,0
DA:222,0
DA:223,0
DA:225,0
DA:228,0
DA:229,0
DA:230,0
DA:233,0
DA:234,0
DA:235,0
DA:237,0
DA:239,0
DA:240,0
DA:243,0
DA:246,0
DA:247,0
DA:248,0
DA:250,0
DA:252,0
DA:253,0
DA:258,0
DA:259,0
DA:260,0
DA:273,1
DA:282,1
DA:283,1
DA:286,1
DA:287,1
DA:291,1
DA:292,1
DA:296,1
DA:300,1
DA:308,0
DA:310,0
DA:332,5
DA:334,1
DA:338,1
DA:339,1
DA:342,0
DA:343,0
DA:352,1
DA:358,4
DA:359,0
DA:361,0
DA:362,0
DA:363,0
DA:364,0
DA:365,0
DA:366,0
DA:367,0
DA:371,0
DA:373,0
LF:139
LH:67
end_of_record
SF:lib/src/utils/validation_utils.dart
DA:4,1
DA:5,1
DA:6,1
DA:9,2
DA:10,1
DA:14,1
DA:15,1
DA:16,1
DA:22,2
DA:23,2
DA:26,1
DA:30,1
DA:31,1
DA:32,1
DA:35,2
DA:36,1
DA:41,1
DA:42,1
DA:43,1
DA:48,2
DA:49,1
DA:52,1
DA:56,1
DA:59,1
DA:62,2
DA:63,1
DA:67,2
DA:68,2
DA:69,1
DA:70,1
DA:71,3
DA:74,2
DA:75,1
DA:76,1
DA:77,3
DA:81,1
DA:85,1
DA:86,1
DA:87,1
DA:90,2
DA:91,1
DA:96,1
DA:97,1
DA:98,1
DA:113,2
DA:114,2
DA:117,1
DA:121,1
DA:123,1
DA:124,1
DA:125,1
DA:126,1
DA:127,1
DA:132,1
DA:133,2
DA:134,1
DA:140,1
DA:141,2
DA:142,1
DA:147,1
DA:151,1
DA:152,1
DA:153,1
DA:156,2
DA:157,1
DA:161,1
DA:162,1
DA:163,1
DA:164,1
DA:168,1
DA:172,1
DA:173,1
DA:174,1
DA:177,2
DA:178,1
DA:183,1
DA:184,1
DA:185,1
DA:189,1
DA:193,1
DA:194,1
DA:195,1
DA:198,1
DA:199,1
DA:202,2
DA:203,1
DA:206,1
DA:210,1
DA:211,3
DA:212,1
DA:216,1
DA:220,1
DA:223,1
DA:224,1
DA:225,1
DA:226,2
DA:230,1
DA:231,1
DA:235,2
DA:236,1
DA:240,2
DA:241,1
DA:243,1
DA:244,1
DA:245,1
DA:246,2
DA:252,1
DA:253,3
DA:254,1
DA:258,1
DA:262,1
DA:264,1
DA:265,1
DA:269,2
DA:270,1
DA:275,7
DA:277,1
DA:278,3
DA:279,1
DA:283,3
DA:285,1
DA:290,2
DA:291,1
DA:292,1
DA:293,1
DA:294,2
DA:298,1
DA:302,1
DA:304,1
DA:305,0
DA:306,0
DA:307,0
DA:312,2
DA:313,1
DA:318,2
DA:319,1
DA:324,1
DA:325,1
DA:326,4
DA:327,1
DA:328,1
DA:329,2
DA:334,1
DA:335,0
DA:339,1
DA:343,1
DA:346,2
DA:347,1
DA:352,2
DA:353,1
DA:358,2
DA:359,1
DA:363,1
DA:367,1
DA:368,1
DA:371,2
DA:372,1
DA:373,1
DA:375,2
DA:376,2
DA:377,1
DA:378,0
DA:379,0
DA:385,2
DA:386,1
DA:389,2
DA:390,1
DA:393,4
DA:394,1
DA:404,5
DA:406,1
DA:410,1
DA:411,1
DA:414,1
DA:415,1
DA:418,0
DA:420,0
DA:421,0
DA:422,0
DA:437,1
DA:452,1
DA:459,1
DA:469,1
DA:483,1
LF:184
LH:174
end_of_record
SF:lib/src/exceptions/flex_track_exception.dart
DA:7,11
DA:14,1
DA:16,1
DA:17,3
DA:18,1
DA:19,3
DA:21,3
DA:23,1
DA:24,3
DA:27,1
LF:10
LH:10
end_of_record
SF:lib/src/exceptions/tracker_exception.dart
DA:8,6
DA:17,5
DA:19,5
DA:20,5
DA:22,5
DA:23,12
DA:26,15
DA:28,5
DA:29,9
DA:32,5
DA:33,6
DA:36,5
DA:37,9
DA:40,5
LF:14
LH:14
end_of_record
SF:lib/src/exceptions/routing_exception.dart
DA:8,2
DA:17,2
DA:19,2
DA:20,2
DA:22,2
DA:23,6
DA:26,6
DA:28,2
DA:29,6
DA:32,2
DA:33,6
DA:36,2
DA:37,6
DA:40,2
LF:14
LH:14
end_of_record
SF:lib/src/exceptions/configuration_exception.dart
DA:8,7
DA:17,2
DA:19,2
DA:20,2
DA:22,2
DA:23,3
DA:26,6
DA:28,4
DA:29,3
DA:32,4
DA:33,3
DA:36,2
DA:37,3
DA:40,2
LF:14
LH:14
end_of_record
